<?xml version="1.0" encoding="UTF-8"?>
<testsuite name="com.monotonic.collections._3_lists.after.ShipmentTest" tests="4" skipped="0" failures="0" errors="0" timestamp="2020-10-06T19:56:40" hostname="LAPTOP-DCGH3JRE" time="0.011">
  <properties/>
  <testcase name="shouldNotReplaceMissingItems" classname="com.monotonic.collections._3_lists.after.ShipmentTest" time="0.01"/>
  <testcase name="shouldReplaceItems" classname="com.monotonic.collections._3_lists.after.ShipmentTest" time="0.0"/>
  <testcase name="shouldIdentifyVanRequirements" classname="com.monotonic.collections._3_lists.after.ShipmentTest" time="0.001"/>
  <testcase name="shouldAddItems" classname="com.monotonic.collections._3_lists.after.ShipmentTest" time="0.0"/>
  <system-out><![CDATA[]]></system-out>
  <system-err><![CDATA[]]></system-err>
</testsuite>
